<?xml version="1.0" encoding="UTF-8"?>
<testsuite name="com.jeuni.example.springboot.domain.posts.PostsRepositoryTest" tests="1" skipped="0" failures="0" errors="0" timestamp="2021-08-22T05:55:41" hostname="LAPTOP-CKBB37GF" time="0.522">
  <properties/>
  <testcase name="save_getList" classname="com.jeuni.example.springboot.domain.posts.PostsRepositoryTest" time="0.522"/>
  <system-out><![CDATA[14:55:36.513 [Test worker] DEBUG org.springframework.test.context.junit4.SpringJUnit4ClassRunner - SpringJUnit4ClassRunner constructor called with [class com.jeuni.example.springboot.domain.posts.PostsRepositoryTest]
14:55:36.522 [Test worker] DEBUG org.springframework.test.context.BootstrapUtils - Instantiating CacheAwareContextLoaderDelegate from class [org.springframework.test.context.cache.DefaultCacheAwareContextLoaderDelegate]
14:55:36.534 [Test worker] DEBUG org.springframework.test.context.BootstrapUtils - Instantiating BootstrapContext using constructor [public org.springframework.test.context.support.DefaultBootstrapContext(java.lang.Class,org.springframework.test.context.CacheAwareContextLoaderDelegate)]
14:55:36.561 [Test worker] DEBUG org.springframework.test.context.BootstrapUtils - Instantiating TestContextBootstrapper for test class [com.jeuni.example.springboot.domain.posts.PostsRepositoryTest] from class [org.springframework.boot.test.context.SpringBootTestContextBootstrapper]
14:55:36.584 [Test worker] INFO org.springframework.boot.test.context.SpringBootTestContextBootstrapper - Neither @ContextConfiguration nor @ContextHierarchy found for test class [com.jeuni.example.springboot.domain.posts.PostsRepositoryTest], using SpringBootContextLoader
14:55:36.588 [Test worker] DEBUG org.springframework.test.context.support.AbstractContextLoader - Did not detect default resource location for test class [com.jeuni.example.springboot.domain.posts.PostsRepositoryTest]: class path resource [com/jeuni/example/springboot/domain/posts/PostsRepositoryTest-context.xml] does not exist
14:55:36.589 [Test worker] DEBUG org.springframework.test.context.support.AbstractContextLoader - Did not detect default resource location for test class [com.jeuni.example.springboot.domain.posts.PostsRepositoryTest]: class path resource [com/jeuni/example/springboot/domain/posts/PostsRepositoryTestContext.groovy] does not exist
14:55:36.589 [Test worker] INFO org.springframework.test.context.support.AbstractContextLoader - Could not detect default resource locations for test class [com.jeuni.example.springboot.domain.posts.PostsRepositoryTest]: no resource found for suffixes {-context.xml, Context.groovy}.
14:55:36.590 [Test worker] INFO org.springframework.test.context.support.AnnotationConfigContextLoaderUtils - Could not detect default configuration classes for test class [com.jeuni.example.springboot.domain.posts.PostsRepositoryTest]: PostsRepositoryTest does not declare any static, non-private, non-final, nested classes annotated with @Configuration.
14:55:36.644 [Test worker] DEBUG org.springframework.test.context.support.ActiveProfilesUtils - Could not find an 'annotation declaring class' for annotation type [org.springframework.test.context.ActiveProfiles] and class [com.jeuni.example.springboot.domain.posts.PostsRepositoryTest]
14:55:36.752 [Test worker] DEBUG org.springframework.context.annotation.ClassPathScanningCandidateComponentProvider - Identified candidate component class: file [C:\Users\jtjmk\springbootworkspace\java-springboot-webservice\build\classes\java\main\com\jeuni\example\springboot\Application.class]
14:55:36.755 [Test worker] INFO org.springframework.boot.test.context.SpringBootTestContextBootstrapper - Found @SpringBootConfiguration com.jeuni.example.springboot.Application for test class com.jeuni.example.springboot.domain.posts.PostsRepositoryTest
14:55:36.860 [Test worker] DEBUG org.springframework.boot.test.context.SpringBootTestContextBootstrapper - @TestExecutionListeners is not present for class [com.jeuni.example.springboot.domain.posts.PostsRepositoryTest]: using defaults.
14:55:36.861 [Test worker] INFO org.springframework.boot.test.context.SpringBootTestContextBootstrapper - Loaded default TestExecutionListener class names from location [META-INF/spring.factories]: [org.springframework.boot.test.autoconfigure.restdocs.RestDocsTestExecutionListener, org.springframework.boot.test.autoconfigure.web.client.MockRestServiceServerResetTestExecutionListener, org.springframework.boot.test.autoconfigure.web.servlet.MockMvcPrintOnlyOnFailureTestExecutionListener, org.springframework.boot.test.autoconfigure.web.servlet.WebDriverTestExecutionListener, org.springframework.boot.test.mock.mockito.MockitoTestExecutionListener, org.springframework.boot.test.mock.mockito.ResetMocksTestExecutionListener, org.springframework.test.context.web.ServletTestExecutionListener, org.springframework.test.context.support.DirtiesContextBeforeModesTestExecutionListener, org.springframework.test.context.support.DependencyInjectionTestExecutionListener, org.springframework.test.context.support.DirtiesContextTestExecutionListener, org.springframework.test.context.transaction.TransactionalTestExecutionListener, org.springframework.test.context.jdbc.SqlScriptsTestExecutionListener]
14:55:36.879 [Test worker] INFO org.springframework.boot.test.context.SpringBootTestContextBootstrapper - Using TestExecutionListeners: [org.springframework.test.context.web.ServletTestExecutionListener@6485e1e2, org.springframework.test.context.support.DirtiesContextBeforeModesTestExecutionListener@6fda52cc, org.springframework.boot.test.mock.mockito.MockitoTestExecutionListener@4dc3e394, org.springframework.boot.test.autoconfigure.SpringBootDependencyInjectionTestExecutionListener@373c31f7, org.springframework.test.context.support.DirtiesContextTestExecutionListener@7cfd5c03, org.springframework.test.context.transaction.TransactionalTestExecutionListener@418c3d62, org.springframework.test.context.jdbc.SqlScriptsTestExecutionListener@1381b984, org.springframework.boot.test.autoconfigure.restdocs.RestDocsTestExecutionListener@4564818a, org.springframework.boot.test.autoconfigure.web.client.MockRestServiceServerResetTestExecutionListener@536fd061, org.springframework.boot.test.autoconfigure.web.servlet.MockMvcPrintOnlyOnFailureTestExecutionListener@73a89043, org.springframework.boot.test.autoconfigure.web.servlet.WebDriverTestExecutionListener@6dfb5a2b, org.springframework.boot.test.mock.mockito.ResetMocksTestExecutionListener@cf2fecf]
14:55:36.882 [Test worker] DEBUG org.springframework.test.annotation.ProfileValueUtils - Retrieved @ProfileValueSourceConfiguration [null] for test class [com.jeuni.example.springboot.domain.posts.PostsRepositoryTest]
14:55:36.883 [Test worker] DEBUG org.springframework.test.annotation.ProfileValueUtils - Retrieved ProfileValueSource type [class org.springframework.test.annotation.SystemProfileValueSource] for class [com.jeuni.example.springboot.domain.posts.PostsRepositoryTest]
14:55:36.887 [Test worker] DEBUG org.springframework.test.annotation.ProfileValueUtils - Retrieved @ProfileValueSourceConfiguration [null] for test class [com.jeuni.example.springboot.domain.posts.PostsRepositoryTest]
14:55:36.887 [Test worker] DEBUG org.springframework.test.annotation.ProfileValueUtils - Retrieved ProfileValueSource type [class org.springframework.test.annotation.SystemProfileValueSource] for class [com.jeuni.example.springboot.domain.posts.PostsRepositoryTest]
14:55:36.887 [Test worker] DEBUG org.springframework.test.annotation.ProfileValueUtils - Retrieved @ProfileValueSourceConfiguration [null] for test class [com.jeuni.example.springboot.domain.posts.PostsRepositoryTest]
14:55:36.888 [Test worker] DEBUG org.springframework.test.annotation.ProfileValueUtils - Retrieved ProfileValueSource type [class org.springframework.test.annotation.SystemProfileValueSource] for class [com.jeuni.example.springboot.domain.posts.PostsRepositoryTest]
14:55:36.892 [Test worker] DEBUG org.springframework.test.context.support.AbstractDirtiesContextTestExecutionListener - Before test class: context [DefaultTestContext@55c89f4 testClass = PostsRepositoryTest, testInstance = [null], testMethod = [null], testException = [null], mergedContextConfiguration = [WebMergedContextConfiguration@7306178a testClass = PostsRepositoryTest, locations = '{}', classes = '{class com.jeuni.example.springboot.Application}', contextInitializerClasses = '[]', activeProfiles = '{}', propertySourceLocations = '{}', propertySourceProperties = '{org.springframework.boot.test.context.SpringBootTestContextBootstrapper=true}', contextCustomizers = set[org.springframework.boot.test.autoconfigure.properties.PropertyMappingContextCustomizer@0, org.springframework.boot.test.autoconfigure.web.servlet.WebDriverContextCustomizerFactory$Customizer@3f8701be, org.springframework.boot.test.context.filter.ExcludeFilterContextCustomizer@6c33abcf, org.springframework.boot.test.json.DuplicateJsonObjectContextCustomizerFactory$DuplicateJsonObjectContextCustomizer@7ba35ed1, org.springframework.boot.test.mock.mockito.MockitoContextCustomizer@0, org.springframework.boot.test.web.client.TestRestTemplateContextCustomizer@519ec71d], resourceBasePath = 'src/main/webapp', contextLoader = 'org.springframework.boot.test.context.SpringBootContextLoader', parent = [null]], attributes = map['org.springframework.test.context.web.ServletTestExecutionListener.activateListener' -> true]], class annotated with @DirtiesContext [false] with mode [null].
14:55:36.892 [Test worker] DEBUG org.springframework.test.annotation.ProfileValueUtils - Retrieved @ProfileValueSourceConfiguration [null] for test class [com.jeuni.example.springboot.domain.posts.PostsRepositoryTest]
14:55:36.893 [Test worker] DEBUG org.springframework.test.annotation.ProfileValueUtils - Retrieved ProfileValueSource type [class org.springframework.test.annotation.SystemProfileValueSource] for class [com.jeuni.example.springboot.domain.posts.PostsRepositoryTest]
14:55:36.921 [Test worker] DEBUG org.springframework.test.context.support.TestPropertySourceUtils - Adding inlined properties to environment: {spring.jmx.enabled=false, org.springframework.boot.test.context.SpringBootTestContextBootstrapper=true, server.port=-1}

  .   ____          _            __ _ _
 /\\ / ___'_ __ _ _(_)_ __  __ _ \ \ \ \
( ( )\___ | '_ | '_| | '_ \/ _` | \ \ \ \
 \\/  ___)| |_)| | | | | || (_| |  ) ) ) )
  '  |____| .__|_| |_|_| |_\__, | / / / /
 =========|_|==============|___/=/_/_/_/
 :: Spring Boot ::        (v2.1.7.RELEASE)

2021-08-22 14:55:37.247  INFO 19560 --- [    Test worker] c.j.e.s.d.posts.PostsRepositoryTest      : Starting PostsRepositoryTest on LAPTOP-CKBB37GF with PID 19560 (started by jtjmk in C:\Users\jtjmk\springbootworkspace\java-springboot-webservice)
2021-08-22 14:55:37.248  INFO 19560 --- [    Test worker] c.j.e.s.d.posts.PostsRepositoryTest      : No active profile set, falling back to default profiles: default
2021-08-22 14:55:38.156  INFO 19560 --- [    Test worker] .s.d.r.c.RepositoryConfigurationDelegate : Bootstrapping Spring Data repositories in DEFAULT mode.
2021-08-22 14:55:38.247  INFO 19560 --- [    Test worker] .s.d.r.c.RepositoryConfigurationDelegate : Finished Spring Data repository scanning in 78ms. Found 1 repository interfaces.
2021-08-22 14:55:38.629  INFO 19560 --- [    Test worker] trationDelegate$BeanPostProcessorChecker : Bean 'org.springframework.transaction.annotation.ProxyTransactionManagementConfiguration' of type [org.springframework.transaction.annotation.ProxyTransactionManagementConfiguration$$EnhancerBySpringCGLIB$$1eeb5f25] is not eligible for getting processed by all BeanPostProcessors (for example: not eligible for auto-proxying)
2021-08-22 14:55:38.816  INFO 19560 --- [    Test worker] com.zaxxer.hikari.HikariDataSource       : HikariPool-1 - Starting...
2021-08-22 14:55:39.019  INFO 19560 --- [    Test worker] com.zaxxer.hikari.HikariDataSource       : HikariPool-1 - Start completed.
2021-08-22 14:55:39.113  INFO 19560 --- [    Test worker] o.hibernate.jpa.internal.util.LogHelper  : HHH000204: Processing PersistenceUnitInfo [
	name: default
	...]
2021-08-22 14:55:39.183  INFO 19560 --- [    Test worker] org.hibernate.Version                    : HHH000412: Hibernate Core {5.3.10.Final}
2021-08-22 14:55:39.185  INFO 19560 --- [    Test worker] org.hibernate.cfg.Environment            : HHH000206: hibernate.properties not found
2021-08-22 14:55:39.394  INFO 19560 --- [    Test worker] o.hibernate.annotations.common.Version   : HCANN000001: Hibernate Commons Annotations {5.0.4.Final}
2021-08-22 14:55:39.560  INFO 19560 --- [    Test worker] org.hibernate.dialect.Dialect            : HHH000400: Using dialect: org.hibernate.dialect.H2Dialect
2021-08-22 14:55:40.206  INFO 19560 --- [    Test worker] o.h.t.schema.internal.SchemaCreatorImpl  : HHH000476: Executing import script 'org.hibernate.tool.schema.internal.exec.ScriptSourceInputNonExistentImpl@175569b0'
2021-08-22 14:55:40.209  INFO 19560 --- [    Test worker] j.LocalContainerEntityManagerFactoryBean : Initialized JPA EntityManagerFactory for persistence unit 'default'
2021-08-22 14:55:41.267  INFO 19560 --- [    Test worker] o.s.s.concurrent.ThreadPoolTaskExecutor  : Initializing ExecutorService 'applicationTaskExecutor'
2021-08-22 14:55:41.335  WARN 19560 --- [    Test worker] aWebConfiguration$JpaWebMvcConfiguration : spring.jpa.open-in-view is enabled by default. Therefore, database queries may be performed during view rendering. Explicitly configure spring.jpa.open-in-view to disable this warning
2021-08-22 14:55:41.747  INFO 19560 --- [    Test worker] c.j.e.s.d.posts.PostsRepositoryTest      : Started PostsRepositoryTest in 4.817 seconds (JVM running for 6.378)
2021-08-22 14:55:42.120  INFO 19560 --- [    Test worker] o.h.h.i.QueryTranslatorFactoryInitiator  : HHH000397: Using ASTQueryTranslatorFactory
]]></system-out>
  <system-err><![CDATA[]]></system-err>
</testsuite>
