<?xml version="1.0" encoding="UTF-8"?>
<testsuite name="com.jeuni.example.springboot.domain.posts.PostsRepositoryTest" tests="1" skipped="0" failures="0" errors="0" timestamp="2021-09-29T05:03:54" hostname="LAPTOP-CKBB37GF" time="0.36">
  <properties/>
  <testcase name="save_getList" classname="com.jeuni.example.springboot.domain.posts.PostsRepositoryTest" time="0.36"/>
  <system-out><![CDATA[14:03:47.837 [Test worker] DEBUG org.springframework.test.context.junit4.SpringJUnit4ClassRunner - SpringJUnit4ClassRunner constructor called with [class com.jeuni.example.springboot.domain.posts.PostsRepositoryTest]
14:03:47.845 [Test worker] DEBUG org.springframework.test.context.BootstrapUtils - Instantiating CacheAwareContextLoaderDelegate from class [org.springframework.test.context.cache.DefaultCacheAwareContextLoaderDelegate]
14:03:47.856 [Test worker] DEBUG org.springframework.test.context.BootstrapUtils - Instantiating BootstrapContext using constructor [public org.springframework.test.context.support.DefaultBootstrapContext(java.lang.Class,org.springframework.test.context.CacheAwareContextLoaderDelegate)]
14:03:47.884 [Test worker] DEBUG org.springframework.test.context.BootstrapUtils - Instantiating TestContextBootstrapper for test class [com.jeuni.example.springboot.domain.posts.PostsRepositoryTest] from class [org.springframework.boot.test.context.SpringBootTestContextBootstrapper]
14:03:47.901 [Test worker] INFO org.springframework.boot.test.context.SpringBootTestContextBootstrapper - Neither @ContextConfiguration nor @ContextHierarchy found for test class [com.jeuni.example.springboot.domain.posts.PostsRepositoryTest], using SpringBootContextLoader
14:03:47.905 [Test worker] DEBUG org.springframework.test.context.support.AbstractContextLoader - Did not detect default resource location for test class [com.jeuni.example.springboot.domain.posts.PostsRepositoryTest]: class path resource [com/jeuni/example/springboot/domain/posts/PostsRepositoryTest-context.xml] does not exist
14:03:47.906 [Test worker] DEBUG org.springframework.test.context.support.AbstractContextLoader - Did not detect default resource location for test class [com.jeuni.example.springboot.domain.posts.PostsRepositoryTest]: class path resource [com/jeuni/example/springboot/domain/posts/PostsRepositoryTestContext.groovy] does not exist
14:03:47.906 [Test worker] INFO org.springframework.test.context.support.AbstractContextLoader - Could not detect default resource locations for test class [com.jeuni.example.springboot.domain.posts.PostsRepositoryTest]: no resource found for suffixes {-context.xml, Context.groovy}.
14:03:47.907 [Test worker] INFO org.springframework.test.context.support.AnnotationConfigContextLoaderUtils - Could not detect default configuration classes for test class [com.jeuni.example.springboot.domain.posts.PostsRepositoryTest]: PostsRepositoryTest does not declare any static, non-private, non-final, nested classes annotated with @Configuration.
14:03:47.953 [Test worker] DEBUG org.springframework.test.context.support.ActiveProfilesUtils - Could not find an 'annotation declaring class' for annotation type [org.springframework.test.context.ActiveProfiles] and class [com.jeuni.example.springboot.domain.posts.PostsRepositoryTest]
14:03:48.056 [Test worker] DEBUG org.springframework.context.annotation.ClassPathScanningCandidateComponentProvider - Identified candidate component class: file [C:\Users\jtjmk\springbootworkspace\java-springboot-webservice\build\classes\java\main\com\jeuni\example\springboot\Application.class]
14:03:48.058 [Test worker] INFO org.springframework.boot.test.context.SpringBootTestContextBootstrapper - Found @SpringBootConfiguration com.jeuni.example.springboot.Application for test class com.jeuni.example.springboot.domain.posts.PostsRepositoryTest
14:03:48.177 [Test worker] DEBUG org.springframework.boot.test.context.SpringBootTestContextBootstrapper - @TestExecutionListeners is not present for class [com.jeuni.example.springboot.domain.posts.PostsRepositoryTest]: using defaults.
14:03:48.178 [Test worker] INFO org.springframework.boot.test.context.SpringBootTestContextBootstrapper - Loaded default TestExecutionListener class names from location [META-INF/spring.factories]: [org.springframework.boot.test.autoconfigure.restdocs.RestDocsTestExecutionListener, org.springframework.boot.test.autoconfigure.web.client.MockRestServiceServerResetTestExecutionListener, org.springframework.boot.test.autoconfigure.web.servlet.MockMvcPrintOnlyOnFailureTestExecutionListener, org.springframework.boot.test.autoconfigure.web.servlet.WebDriverTestExecutionListener, org.springframework.boot.test.mock.mockito.MockitoTestExecutionListener, org.springframework.boot.test.mock.mockito.ResetMocksTestExecutionListener, org.springframework.test.context.web.ServletTestExecutionListener, org.springframework.test.context.support.DirtiesContextBeforeModesTestExecutionListener, org.springframework.test.context.support.DependencyInjectionTestExecutionListener, org.springframework.test.context.support.DirtiesContextTestExecutionListener, org.springframework.test.context.transaction.TransactionalTestExecutionListener, org.springframework.test.context.jdbc.SqlScriptsTestExecutionListener]
14:03:48.211 [Test worker] INFO org.springframework.boot.test.context.SpringBootTestContextBootstrapper - Using TestExecutionListeners: [org.springframework.test.context.web.ServletTestExecutionListener@3f2e99de, org.springframework.test.context.support.DirtiesContextBeforeModesTestExecutionListener@63b00761, org.springframework.boot.test.mock.mockito.MockitoTestExecutionListener@3edd73c7, org.springframework.boot.test.autoconfigure.SpringBootDependencyInjectionTestExecutionListener@58cf81ac, org.springframework.test.context.support.DirtiesContextTestExecutionListener@13641302, org.springframework.test.context.transaction.TransactionalTestExecutionListener@700c8500, org.springframework.test.context.jdbc.SqlScriptsTestExecutionListener@251a838d, org.springframework.boot.test.autoconfigure.restdocs.RestDocsTestExecutionListener@17ca463, org.springframework.boot.test.autoconfigure.web.client.MockRestServiceServerResetTestExecutionListener@32334b4d, org.springframework.boot.test.autoconfigure.web.servlet.MockMvcPrintOnlyOnFailureTestExecutionListener@2603ec8e, org.springframework.boot.test.autoconfigure.web.servlet.WebDriverTestExecutionListener@57f40528, org.springframework.boot.test.mock.mockito.ResetMocksTestExecutionListener@33cffc09]
14:03:48.215 [Test worker] DEBUG org.springframework.test.annotation.ProfileValueUtils - Retrieved @ProfileValueSourceConfiguration [null] for test class [com.jeuni.example.springboot.domain.posts.PostsRepositoryTest]
14:03:48.215 [Test worker] DEBUG org.springframework.test.annotation.ProfileValueUtils - Retrieved ProfileValueSource type [class org.springframework.test.annotation.SystemProfileValueSource] for class [com.jeuni.example.springboot.domain.posts.PostsRepositoryTest]
14:03:48.220 [Test worker] DEBUG org.springframework.test.annotation.ProfileValueUtils - Retrieved @ProfileValueSourceConfiguration [null] for test class [com.jeuni.example.springboot.domain.posts.PostsRepositoryTest]
14:03:48.221 [Test worker] DEBUG org.springframework.test.annotation.ProfileValueUtils - Retrieved ProfileValueSource type [class org.springframework.test.annotation.SystemProfileValueSource] for class [com.jeuni.example.springboot.domain.posts.PostsRepositoryTest]
14:03:48.222 [Test worker] DEBUG org.springframework.test.annotation.ProfileValueUtils - Retrieved @ProfileValueSourceConfiguration [null] for test class [com.jeuni.example.springboot.domain.posts.PostsRepositoryTest]
14:03:48.222 [Test worker] DEBUG org.springframework.test.annotation.ProfileValueUtils - Retrieved ProfileValueSource type [class org.springframework.test.annotation.SystemProfileValueSource] for class [com.jeuni.example.springboot.domain.posts.PostsRepositoryTest]
14:03:48.228 [Test worker] DEBUG org.springframework.test.context.support.AbstractDirtiesContextTestExecutionListener - Before test class: context [DefaultTestContext@40a7cdb2 testClass = PostsRepositoryTest, testInstance = [null], testMethod = [null], testException = [null], mergedContextConfiguration = [WebMergedContextConfiguration@253eb59e testClass = PostsRepositoryTest, locations = '{}', classes = '{class com.jeuni.example.springboot.Application}', contextInitializerClasses = '[]', activeProfiles = '{}', propertySourceLocations = '{}', propertySourceProperties = '{org.springframework.boot.test.context.SpringBootTestContextBootstrapper=true}', contextCustomizers = set[org.springframework.boot.test.autoconfigure.properties.PropertyMappingContextCustomizer@0, org.springframework.boot.test.autoconfigure.web.servlet.WebDriverContextCustomizerFactory$Customizer@28d4c90e, org.springframework.boot.test.context.filter.ExcludeFilterContextCustomizer@25c0d430, org.springframework.boot.test.json.DuplicateJsonObjectContextCustomizerFactory$DuplicateJsonObjectContextCustomizer@25648f10, org.springframework.boot.test.mock.mockito.MockitoContextCustomizer@0, org.springframework.boot.test.web.client.TestRestTemplateContextCustomizer@3cc4d15], resourceBasePath = 'src/main/webapp', contextLoader = 'org.springframework.boot.test.context.SpringBootContextLoader', parent = [null]], attributes = map['org.springframework.test.context.web.ServletTestExecutionListener.activateListener' -> true]], class annotated with @DirtiesContext [false] with mode [null].
14:03:48.228 [Test worker] DEBUG org.springframework.test.annotation.ProfileValueUtils - Retrieved @ProfileValueSourceConfiguration [null] for test class [com.jeuni.example.springboot.domain.posts.PostsRepositoryTest]
14:03:48.228 [Test worker] DEBUG org.springframework.test.annotation.ProfileValueUtils - Retrieved ProfileValueSource type [class org.springframework.test.annotation.SystemProfileValueSource] for class [com.jeuni.example.springboot.domain.posts.PostsRepositoryTest]
14:03:48.254 [Test worker] DEBUG org.springframework.test.context.support.TestPropertySourceUtils - Adding inlined properties to environment: {spring.jmx.enabled=false, org.springframework.boot.test.context.SpringBootTestContextBootstrapper=true, server.port=-1}

  .   ____          _            __ _ _
 /\\ / ___'_ __ _ _(_)_ __  __ _ \ \ \ \
( ( )\___ | '_ | '_| | '_ \/ _` | \ \ \ \
 \\/  ___)| |_)| | | | | || (_| |  ) ) ) )
  '  |____| .__|_| |_|_| |_\__, | / / / /
 =========|_|==============|___/=/_/_/_/
 :: Spring Boot ::        (v2.1.7.RELEASE)

2021-09-29 14:03:48.576  INFO 7172 --- [    Test worker] c.j.e.s.d.posts.PostsRepositoryTest      : Starting PostsRepositoryTest on LAPTOP-CKBB37GF with PID 7172 (started by jtjmk in C:\Users\jtjmk\springbootworkspace\java-springboot-webservice)
2021-09-29 14:03:48.578  INFO 7172 --- [    Test worker] c.j.e.s.d.posts.PostsRepositoryTest      : No active profile set, falling back to default profiles: default
2021-09-29 14:03:49.626  INFO 7172 --- [    Test worker] .s.d.r.c.RepositoryConfigurationDelegate : Bootstrapping Spring Data repositories in DEFAULT mode.
2021-09-29 14:03:49.736  INFO 7172 --- [    Test worker] .s.d.r.c.RepositoryConfigurationDelegate : Finished Spring Data repository scanning in 98ms. Found 1 repository interfaces.
2021-09-29 14:03:50.179  INFO 7172 --- [    Test worker] trationDelegate$BeanPostProcessorChecker : Bean 'org.springframework.transaction.annotation.ProxyTransactionManagementConfiguration' of type [org.springframework.transaction.annotation.ProxyTransactionManagementConfiguration$$EnhancerBySpringCGLIB$$ea0e550f] is not eligible for getting processed by all BeanPostProcessors (for example: not eligible for auto-proxying)
2021-09-29 14:03:50.482  INFO 7172 --- [    Test worker] com.zaxxer.hikari.HikariDataSource       : HikariPool-1 - Starting...
2021-09-29 14:03:50.721  INFO 7172 --- [    Test worker] com.zaxxer.hikari.HikariDataSource       : HikariPool-1 - Start completed.
2021-09-29 14:03:50.838  INFO 7172 --- [    Test worker] o.hibernate.jpa.internal.util.LogHelper  : HHH000204: Processing PersistenceUnitInfo [
	name: default
	...]
2021-09-29 14:03:50.929  INFO 7172 --- [    Test worker] org.hibernate.Version                    : HHH000412: Hibernate Core {5.3.10.Final}
2021-09-29 14:03:50.931  INFO 7172 --- [    Test worker] org.hibernate.cfg.Environment            : HHH000206: hibernate.properties not found
2021-09-29 14:03:51.140  INFO 7172 --- [    Test worker] o.hibernate.annotations.common.Version   : HCANN000001: Hibernate Commons Annotations {5.0.4.Final}
2021-09-29 14:03:51.371  INFO 7172 --- [    Test worker] org.hibernate.dialect.Dialect            : HHH000400: Using dialect: org.hibernate.dialect.MySQL5InnoDBDialect
Hibernate: drop table if exists posts
Hibernate: create table posts (id bigint not null auto_increment, created_date datetime, modified_date datetime, author varchar(255), content TEXT not null, title varchar(500) not null, primary key (id)) engine=InnoDB
2021-09-29 14:03:52.194  INFO 7172 --- [    Test worker] o.h.t.schema.internal.SchemaCreatorImpl  : HHH000476: Executing import script 'org.hibernate.tool.schema.internal.exec.ScriptSourceInputNonExistentImpl@3111ca1c'
2021-09-29 14:03:52.201  INFO 7172 --- [    Test worker] j.LocalContainerEntityManagerFactoryBean : Initialized JPA EntityManagerFactory for persistence unit 'default'
2021-09-29 14:03:52.559  INFO 7172 --- [    Test worker] o.h.h.i.QueryTranslatorFactoryInitiator  : HHH000397: Using ASTQueryTranslatorFactory
2021-09-29 14:03:53.649  INFO 7172 --- [    Test worker] o.s.s.concurrent.ThreadPoolTaskExecutor  : Initializing ExecutorService 'applicationTaskExecutor'
2021-09-29 14:03:53.896  WARN 7172 --- [    Test worker] aWebConfiguration$JpaWebMvcConfiguration : spring.jpa.open-in-view is enabled by default. Therefore, database queries may be performed during view rendering. Explicitly configure spring.jpa.open-in-view to disable this warning
2021-09-29 14:03:53.968  INFO 7172 --- [    Test worker] o.s.b.a.w.s.WelcomePageHandlerMapping    : Adding welcome page template: index
2021-09-29 14:03:54.473  INFO 7172 --- [    Test worker] c.j.e.s.d.posts.PostsRepositoryTest      : Started PostsRepositoryTest in 6.208 seconds (JVM running for 7.652)
Hibernate: insert into posts (created_date, modified_date, author, content, title) values (?, ?, ?, ?, ?)
Hibernate: select posts0_.id as id1_0_, posts0_.created_date as created_2_0_, posts0_.modified_date as modified3_0_, posts0_.author as author4_0_, posts0_.content as content5_0_, posts0_.title as title6_0_ from posts posts0_
Hibernate: select posts0_.id as id1_0_, posts0_.created_date as created_2_0_, posts0_.modified_date as modified3_0_, posts0_.author as author4_0_, posts0_.content as content5_0_, posts0_.title as title6_0_ from posts posts0_
Hibernate: delete from posts where id=?
]]></system-out>
  <system-err><![CDATA[]]></system-err>
</testsuite>
